2024-11-08 19:01:19,917 - INFO - TabFloater Companion 启动
2024-11-08 19:01:19,918 - DEBUG - 接收到消息长度: 80
2024-11-08 19:01:19,918 - DEBUG - 接收到消息: {'action': 'makeWindowFloating', 'windowTitle': 'Extensions', 'windowId': 1019512189}
2024-11-08 19:01:19,918 - INFO - 收到置顶请求: Extensions
2024-11-08 19:01:19,918 - DEBUG - 尝试将窗口置顶: Extensions
2024-11-08 19:01:19,921 - DEBUG - 窗口置顶设置成功
2024-11-08 19:01:19,922 - DEBUG - 发送消息: {'success': True, 'message': '窗口已设置为浮动'}
2024-11-08 19:01:19,928 - ERROR - 没有接收到消息长度
2024-11-08 19:01:19,928 - ERROR - 接收消息失败，退出程序
2024-11-08 19:02:02,386 - INFO - TabFloater Companion 启动
2024-11-08 19:02:02,386 - DEBUG - 接收到消息长度: 76
2024-11-08 19:02:02,387 - DEBUG - 接收到消息: {'action': 'makeWindowFloating', 'windowTitle': 'Cursor', 'windowId': 1019512200}
2024-11-08 19:02:02,387 - INFO - 收到置顶请求: Cursor
2024-11-08 19:02:02,387 - DEBUG - 尝试将窗口置顶: Cursor
2024-11-08 19:02:02,389 - DEBUG - 窗口置顶设置成功
2024-11-08 19:02:02,389 - DEBUG - 发送消息: {'success': True, 'message': '窗口已设置为浮动'}
2024-11-08 19:02:02,393 - ERROR - 没有接收到消息长度
2024-11-08 19:02:02,393 - ERROR - 接收消息失败，退出程序
2024-11-10 11:07:46,095 - INFO - TabFloater Companion 启动
2024-11-10 11:07:46,095 - DEBUG - 接收到消息长度: 124
2024-11-10 11:07:46,096 - DEBUG - 接收到消息: {'action': 'makeWindowFloating', 'windowTitle': 'Kimi.ai - 会推理解析，能深度思考的AI助手', 'windowId': 1019512622}
2024-11-10 11:07:46,096 - INFO - 收到置顶请求: Kimi.ai - 会推理解析，能深度思考的AI助手
2024-11-10 11:07:46,096 - DEBUG - 尝试将窗口置顶: Kimi.ai - 会推理解析，能深度思考的AI助手
2024-11-10 11:07:46,098 - DEBUG - 窗口置顶设置成功
2024-11-10 11:07:46,098 - DEBUG - 发送消息: {'success': True, 'message': '窗口已设置为浮动'}
2024-11-10 11:07:46,099 - ERROR - 没有接收到消息长度
2024-11-10 11:07:46,099 - ERROR - 接收消息失败，退出程序
2024-11-14 11:42:49,615 - INFO - TabFloater Companion 启动
2024-11-14 11:42:49,617 - DEBUG - 接收到消息长度: 84
2024-11-14 11:42:49,617 - DEBUG - 接收到消息: {'action': 'makeWindowFloating', 'windowTitle': 'www.google.com', 'windowId': 1019514083}
2024-11-14 11:42:49,617 - INFO - 收到置顶请求: www.google.com
2024-11-14 11:42:49,617 - DEBUG - 尝试将窗口置顶: www.google.com
2024-11-14 11:42:49,619 - DEBUG - 窗口置顶设置成功
2024-11-14 11:42:49,619 - DEBUG - 发送消息: {'success': True, 'message': '窗口已设置为浮动'}
2024-11-14 11:42:49,620 - ERROR - 没有接收到消息长度
2024-11-14 11:42:49,620 - ERROR - 接收消息失败，退出程序
2024-11-15 09:26:47,639 - INFO - TabFloater Companion 启动
2024-11-15 09:26:47,641 - DEBUG - 接收到消息长度: 80
2024-11-15 09:26:47,642 - DEBUG - 接收到消息: {'action': 'makeWindowFloating', 'windowTitle': 'Extensions', 'windowId': 1019514526}
2024-11-15 09:26:47,642 - INFO - 收到置顶请求: Extensions
2024-11-15 09:26:47,643 - DEBUG - 尝试将窗口置顶: Extensions
2024-11-15 09:26:47,648 - DEBUG - 窗口置顶设置成功
2024-11-15 09:26:47,649 - DEBUG - 发送消息: {'success': True, 'message': '窗口已设置为浮动'}
2024-11-15 09:26:47,652 - ERROR - 没有接收到消息长度
2024-11-15 09:26:47,652 - ERROR - 接收消息失败，退出程序
2024-11-15 09:27:03,859 - INFO - TabFloater Companion 启动
2024-11-15 09:27:03,885 - DEBUG - 接收到消息长度: 77
2024-11-15 09:27:03,885 - DEBUG - 接收到消息: {'action': 'makeWindowFloating', 'windowTitle': 'New Tab', 'windowId': 1019514532}
2024-11-15 09:27:03,885 - INFO - 收到置顶请求: New Tab
2024-11-15 09:27:03,886 - DEBUG - 尝试将窗口置顶: New Tab
2024-11-15 09:27:03,894 - DEBUG - 窗口置顶设置成功
2024-11-15 09:27:03,894 - DEBUG - 发送消息: {'success': True, 'message': '窗口已设置为浮动'}
2024-11-15 09:27:03,896 - ERROR - 没有接收到消息长度
2024-11-15 09:27:03,896 - ERROR - 接收消息失败，退出程序
2024-11-15 09:33:04,143 - INFO - TabFloater Companion 启动
2024-11-15 09:33:04,168 - DEBUG - 接收到消息长度: 82
2024-11-15 09:33:04,169 - DEBUG - 接收到消息: {'action': 'makeWindowFloating', 'windowTitle': '破局行动', 'windowId': 1019514540}
2024-11-15 09:33:04,169 - INFO - 收到置顶请求: 破局行动
2024-11-15 09:33:04,169 - DEBUG - 尝试将窗口置顶: 破局行动
2024-11-15 09:33:04,175 - DEBUG - 窗口置顶设置成功
2024-11-15 09:33:04,175 - DEBUG - 发送消息: {'success': True, 'message': '窗口已设置为浮动'}
2024-11-15 09:33:04,176 - ERROR - 没有接收到消息长度
2024-11-15 09:33:04,176 - ERROR - 接收消息失败，退出程序
2024-11-15 09:49:39,335 - INFO - TabFloater Companion 启动
2024-11-15 09:49:39,336 - DEBUG - 接收到消息长度: 82
2024-11-15 09:49:39,336 - DEBUG - 接收到消息: {'action': 'makeWindowFloating', 'windowTitle': '破局行动', 'windowId': 1019514548}
2024-11-15 09:49:39,336 - INFO - 收到置顶请求: 破局行动
2024-11-15 09:49:39,336 - DEBUG - 尝试将窗口置顶: 破局行动
2024-11-15 09:49:39,338 - DEBUG - 窗口置顶设置成功
2024-11-15 09:49:39,338 - DEBUG - 发送消息: {'success': True, 'message': '窗口已设置为浮动'}
2024-11-15 09:49:39,339 - ERROR - 没有接收到消息长度
2024-11-15 09:49:39,339 - ERROR - 接收消息失败，退出程序
2024-11-15 09:52:33,543 - INFO - TabFloater Companion 启动
2024-11-15 09:52:33,545 - DEBUG - 接收到消息长度: 82
2024-11-15 09:52:33,545 - DEBUG - 接收到消息: {'action': 'makeWindowFloating', 'windowTitle': '破局行动', 'windowId': 1019514552}
2024-11-15 09:52:33,545 - INFO - 收到置顶请求: 破局行动
2024-11-15 09:52:33,545 - DEBUG - 尝试将窗口置顶: 破局行动
2024-11-15 09:52:33,547 - DEBUG - 窗口置顶设置成功
2024-11-15 09:52:33,547 - DEBUG - 发送消息: {'success': True, 'message': '窗口已设置为浮动'}
2024-11-15 09:52:33,548 - ERROR - 没有接收到消息长度
2024-11-15 09:52:33,548 - ERROR - 接收消息失败，退出程序
2024-11-15 09:53:03,162 - INFO - TabFloater Companion 启动
2024-11-15 09:53:03,162 - DEBUG - 接收到消息长度: 82
2024-11-15 09:53:03,162 - DEBUG - 接收到消息: {'action': 'makeWindowFloating', 'windowTitle': '破局行动', 'windowId': 1019514566}
2024-11-15 09:53:03,162 - INFO - 收到置顶请求: 破局行动
2024-11-15 09:53:03,162 - DEBUG - 尝试将窗口置顶: 破局行动
2024-11-15 09:53:03,165 - DEBUG - 窗口置顶设置成功
2024-11-15 09:53:03,165 - DEBUG - 发送消息: {'success': True, 'message': '窗口已设置为浮动'}
2024-11-15 09:53:03,166 - ERROR - 没有接收到消息长度
2024-11-15 09:53:03,166 - ERROR - 接收消息失败，退出程序
2024-11-15 09:55:47,647 - INFO - TabFloater Companion 启动
2024-11-15 09:55:47,648 - DEBUG - 接收到消息长度: 82
2024-11-15 09:55:47,648 - DEBUG - 接收到消息: {'action': 'makeWindowFloating', 'windowTitle': '破局行动', 'windowId': 1019514574}
2024-11-15 09:55:47,648 - INFO - 收到置顶请求: 破局行动
2024-11-15 09:55:47,648 - DEBUG - 尝试将窗口置顶: 破局行动
2024-11-15 09:55:47,650 - DEBUG - 窗口置顶设置成功
2024-11-15 09:55:47,650 - DEBUG - 发送消息: {'success': True, 'message': '窗口已设置为浮动'}
2024-11-15 09:55:47,651 - ERROR - 没有接收到消息长度
2024-11-15 09:55:47,651 - ERROR - 接收消息失败，退出程序
2024-11-15 10:04:24,148 - INFO - TabFloater Companion 启动
2024-11-15 10:04:24,148 - DEBUG - 接收到消息长度: 80
2024-11-15 10:04:24,148 - DEBUG - 接收到消息: {'action': 'makeWindowFloating', 'windowTitle': 'Extensions', 'windowId': 1019514706}
2024-11-15 10:04:24,148 - INFO - 收到置顶请求: Extensions
2024-11-15 10:04:24,148 - DEBUG - 尝试将窗口置顶: Extensions
2024-11-15 10:04:24,150 - DEBUG - 窗口置顶设置成功
2024-11-15 10:04:24,150 - DEBUG - 发送消息: {'success': True, 'message': '窗口已设置为浮动'}
2024-11-15 10:04:24,151 - ERROR - 没有接收到消息长度
2024-11-15 10:04:24,151 - ERROR - 接收消息失败，退出程序
2024-11-15 10:04:29,352 - INFO - TabFloater Companion 启动
2024-11-15 10:04:29,353 - DEBUG - 接收到消息长度: 80
2024-11-15 10:04:29,353 - DEBUG - 接收到消息: {'action': 'makeWindowFloating', 'windowTitle': 'Extensions', 'windowId': 1019514708}
2024-11-15 10:04:29,353 - INFO - 收到置顶请求: Extensions
2024-11-15 10:04:29,353 - DEBUG - 尝试将窗口置顶: Extensions
2024-11-15 10:04:29,355 - DEBUG - 窗口置顶设置成功
2024-11-15 10:04:29,355 - DEBUG - 发送消息: {'success': True, 'message': '窗口已设置为浮动'}
2024-11-15 10:04:29,357 - ERROR - 没有接收到消息长度
2024-11-15 10:04:29,357 - ERROR - 接收消息失败，退出程序
2024-11-15 10:19:39,388 - INFO - TabFloater Companion 启动
2024-11-15 10:19:39,389 - DEBUG - 接收到消息长度: 80
2024-11-15 10:19:39,389 - DEBUG - 接收到消息: {'action': 'makeWindowFloating', 'windowTitle': 'Extensions', 'windowId': 1019514712}
2024-11-15 10:19:39,389 - INFO - 收到置顶请求: Extensions
2024-11-15 10:19:39,389 - DEBUG - 尝试将窗口置顶: Extensions
2024-11-15 10:19:39,391 - DEBUG - 窗口置顶设置成功
2024-11-15 10:19:39,392 - DEBUG - 发送消息: {'success': True, 'message': '窗口已设置为浮动'}
2024-11-15 10:19:39,392 - ERROR - 没有接收到消息长度
2024-11-15 10:19:39,392 - ERROR - 接收消息失败，退出程序
2024-11-15 10:20:46,166 - INFO - TabFloater Companion 启动
2024-11-15 10:20:46,168 - DEBUG - 接收到消息长度: 82
2024-11-15 10:20:46,168 - DEBUG - 接收到消息: {'action': 'makeWindowFloating', 'windowTitle': '破局行动', 'windowId': 1019514722}
2024-11-15 10:20:46,168 - INFO - 收到置顶请求: 破局行动
2024-11-15 10:20:46,168 - DEBUG - 尝试将窗口置顶: 破局行动
2024-11-15 10:20:46,170 - DEBUG - 窗口置顶设置成功
2024-11-15 10:20:46,170 - DEBUG - 发送消息: {'success': True, 'message': '窗口已设置为浮动'}
2024-11-15 10:20:46,170 - ERROR - 没有接收到消息长度
2024-11-15 10:20:46,170 - ERROR - 接收消息失败，退出程序
